<?xml version="1.0" encoding="UTF-8"?>
<!-- Generated by org.testng.reporters.JUnitReportReporter -->
<testsuite hostname="Mahesh" failures="0" tests="1" name="com.Login.Tests.LoginTestCase" time="0.000" errors="0" timestamp="2021-03-11T12:17:04 IST" skipped="1">
  <testcase classname="com.Login.Tests.LoginTestCase" name="login" time="0.000">
    <skipped/>
  </testcase> <!-- login -->
  <system-out/>
</testsuite> <!-- com.Login.Tests.LoginTestCase -->
